c:\users\shim\desktop\school\coverity\errorpropogation\errorpropogation\debug\vc120.pdb
c:\users\shim\desktop\school\coverity\errorpropogation\errorpropogation\debug\vc120.idb
c:\users\shim\desktop\school\coverity\errorpropogation\errorpropogation\debug\main.obj
c:\users\shim\desktop\school\coverity\errorpropogation\errorpropogation\debug\errorprop.obj
c:\users\shim\desktop\school\coverity\errorpropogation\debug\errorpropogation.pdb
c:\users\shim\desktop\school\coverity\errorpropogation\errorpropogation\debug\errorpropogation.tlog\cl.command.1.tlog
c:\users\shim\desktop\school\coverity\errorpropogation\errorpropogation\debug\errorpropogation.tlog\cl.read.1.tlog
c:\users\shim\desktop\school\coverity\errorpropogation\errorpropogation\debug\errorpropogation.tlog\cl.write.1.tlog
c:\users\shim\desktop\school\coverity\errorpropogation\errorpropogation\debug\errorpropogation.tlog\link-cvtres.read.1.tlog
c:\users\shim\desktop\school\coverity\errorpropogation\errorpropogation\debug\errorpropogation.tlog\link-cvtres.write.1.tlog
c:\users\shim\desktop\school\coverity\errorpropogation\errorpropogation\debug\errorpropogation.tlog\link-rc.read.1.tlog
c:\users\shim\desktop\school\coverity\errorpropogation\errorpropogation\debug\errorpropogation.tlog\link-rc.write.1.tlog
c:\users\shim\desktop\school\coverity\errorpropogation\errorpropogation\debug\errorpropogation.tlog\link.9964-cvtres.read.1.tlog
c:\users\shim\desktop\school\coverity\errorpropogation\errorpropogation\debug\errorpropogation.tlog\link.9964-cvtres.write.1.tlog
c:\users\shim\desktop\school\coverity\errorpropogation\errorpropogation\debug\errorpropogation.tlog\link.9964-rc.read.1.tlog
c:\users\shim\desktop\school\coverity\errorpropogation\errorpropogation\debug\errorpropogation.tlog\link.9964-rc.write.1.tlog
c:\users\shim\desktop\school\coverity\errorpropogation\errorpropogation\debug\errorpropogation.tlog\link.9964.read.1.tlog
c:\users\shim\desktop\school\coverity\errorpropogation\errorpropogation\debug\errorpropogation.tlog\link.9964.write.1.tlog
c:\users\shim\desktop\school\coverity\errorpropogation\errorpropogation\debug\errorpropogation.tlog\link.command.1.tlog
c:\users\shim\desktop\school\coverity\errorpropogation\errorpropogation\debug\errorpropogation.tlog\link.read.1.tlog
c:\users\shim\desktop\school\coverity\errorpropogation\errorpropogation\debug\errorpropogation.tlog\link.write.1.tlog
